2013-10-29 23:40:40.905 [info] <0.7.0> Application lager started on node my_application@MAXX
2013-10-29 23:40:40.957 [info] <0.7.0> Application crypto started on node my_application@MAXX
2013-10-29 23:40:40.977 [info] <0.7.0> Application mimetypes started on node my_application@MAXX
2013-10-29 23:40:41.005 [info] <0.7.0> Application elixir started on node my_application@MAXX
2013-10-29 23:40:43.004 [info] <0.81.0> Starting Boss in development mode....

2013-10-29 23:40:43.005 [info] <0.81.0> Starting master services on my_application@MAXX

2013-10-29 23:40:43.005 [info] <0.7.0> Application tinymq started on node my_application@MAXX
2013-10-29 23:40:43.005 [info] <0.81.0> SSL:[]

2013-10-29 23:40:43.005 [info] <0.81.0> Starting cowboy... on my_application@MAXX

2013-10-29 23:40:43.005 [info] <0.7.0> Application ranch started on node my_application@MAXX
2013-10-29 23:40:43.006 [info] <0.7.0> Application cowboy started on node my_application@MAXX
2013-10-29 23:40:43.006 [info] <0.81.0> Starting http listener... on 8001 

2013-10-29 23:40:43.008 [info] <0.7.0> Application boss started on node my_application@MAXX
2013-10-29 23:40:43.008 [info] <0.354.0> Loading routes from "/Users/johnny/projects/my_application/priv/my_application.routes" ....
2013-10-29 23:40:50.603 [info] <0.354.0> Loading routes from "/Users/johnny/projects/my_application/priv/my_application.routes" ....
2013-10-29 23:40:50.605 [error] <0.368.0> GET / [my_application] 404 2ms
2013-10-29 23:40:54.606 [info] <0.354.0> Loading routes from "/Users/johnny/projects/my_application/priv/my_application.routes" ....
2013-10-29 23:40:54.709 [info] <0.368.0> GET /page [my_application] 200 102ms
2013-10-29 23:42:42.229 [info] <0.7.0> Application lager started on node my_application@MAXX
2013-10-29 23:42:42.291 [info] <0.7.0> Application crypto started on node my_application@MAXX
2013-10-29 23:42:42.310 [info] <0.7.0> Application mimetypes started on node my_application@MAXX
2013-10-29 23:42:42.340 [info] <0.7.0> Application elixir started on node my_application@MAXX
2013-10-29 23:42:44.340 [info] <0.81.0> Starting Boss in development mode....

2013-10-29 23:42:44.340 [info] <0.81.0> Starting master services on my_application@MAXX

2013-10-29 23:42:44.340 [info] <0.7.0> Application tinymq started on node my_application@MAXX
2013-10-29 23:42:44.340 [info] <0.81.0> SSL:[]

2013-10-29 23:42:44.341 [info] <0.81.0> Starting cowboy... on my_application@MAXX

2013-10-29 23:42:44.341 [info] <0.7.0> Application ranch started on node my_application@MAXX
2013-10-29 23:42:44.341 [info] <0.7.0> Application cowboy started on node my_application@MAXX
2013-10-29 23:42:44.341 [info] <0.81.0> Starting http listener... on 8001 

2013-10-29 23:42:44.344 [info] <0.7.0> Application boss started on node my_application@MAXX
2013-10-29 23:42:44.344 [info] <0.354.0> Loading routes from "/Users/johnny/projects/my_application/priv/my_application.routes" ....
2013-10-29 23:42:44.926 [info] <0.354.0> Loading routes from "/Users/johnny/projects/my_application/priv/my_application.routes" ....
2013-10-29 23:42:45.022 [info] <0.368.0> GET /page [my_application] 200 96ms
2013-10-29 23:42:48.653 [info] <0.354.0> Loading routes from "/Users/johnny/projects/my_application/priv/my_application.routes" ....
2013-10-29 23:42:48.701 [info] <0.368.0> GET /page/about [my_application] 200 47ms
